2023.01.03 19:43:45 INFO  tracing is disabled for protocol LSP, to enable tracing of incoming and outgoing JSON messages create an empty file at /home/ericrlessa/Workspaces/collabteam/kafka_connect/product_mysql/.metals/lsp.trace.json or /home/ericrlessa/.cache/metals/lsp.trace.json[0m
2023.01.03 19:43:46 INFO  logging to file /home/ericrlessa/Workspaces/collabteam/kafka_connect/product_mysql/.metals/metals.log[0m
2023.01.03 19:43:46 INFO  Started: Metals version 0.11.10 in workspace '/home/ericrlessa/Workspaces/collabteam/kafka_connect/product_mysql' for client Visual Studio Code 1.74.2.[0m
SLF4J: No SLF4J providers were found.
SLF4J: Defaulting to no-operation (NOP) logger implementation
SLF4J: See https://www.slf4j.org/codes.html#noProviders for further details.
SLF4J: Class path contains SLF4J bindings targeting slf4j-api versions 1.7.x or earlier.
SLF4J: Ignoring binding found at [jar:file:/home/ericrlessa/.cache/coursier/v1/https/repo1.maven.org/maven2/com/outr/scribe-slf4j_2.13/3.10.5/scribe-slf4j_2.13-3.10.5.jar!/org/slf4j/impl/StaticLoggerBinder.class]
SLF4J: See https://www.slf4j.org/codes.html#ignoredBindings for an explanation.
2023.01.03 19:43:47 INFO  time: initialize in 1.1s[0m
2023.01.03 19:43:48 WARN  Build server is not auto-connectable.[0m
2023.01.03 19:43:53 WARN  no build target for: /home/ericrlessa/Workspaces/collabteam/kafka_connect/product_mysql/src/test/java/com/collabtime/kafka_connect/KafkaConnectApplicationTests.java[0m
2023.01.03 19:44:25 WARN  no build target for: /home/ericrlessa/Workspaces/collabteam/kafka_connect/product_mysql/src/main/java/com/collabtime/kafka_connect/Product.java[0m
2023.01.03 19:44:34 WARN  no build target for: /home/ericrlessa/Workspaces/collabteam/kafka_connect/product_mysql/src/main/java/com/collabtime/kafka_connect/Product.java[0m
2023.01.03 19:44:35 WARN  no build target for: /home/ericrlessa/Workspaces/collabteam/kafka_connect/product_mysql/src/main/java/com/collabtime/kafka_connect/Product.java[0m
2023.01.03 19:44:48 WARN  no build target for: /home/ericrlessa/Workspaces/collabteam/kafka_connect/product_mysql/src/main/java/com/collabtime/kafka_connect/ProductRepository.java[0m
2023.01.03 19:45:31 WARN  no build target for: /home/ericrlessa/Workspaces/collabteam/kafka_connect/product_mysql/src/main/java/com/collabtime/kafka_connect/ProductRepository.java[0m
2023.01.03 20:30:07 WARN  no build target for: /home/ericrlessa/Workspaces/collabteam/kafka_connect/product_mysql/src/main/java/com/collabtime/kafka_connect/ProductRepository.java[0m
2023.01.03 20:30:09 WARN  no build target for: /home/ericrlessa/Workspaces/collabteam/kafka_connect/product_mysql/src/main/java/com/collabtime/kafka_connect/ProductRepository.java[0m
2023.01.03 20:30:16 WARN  no build target for: /home/ericrlessa/Workspaces/collabteam/kafka_connect/product_mysql/src/main/java/com/collabtime/kafka_connect/ProductRepository.java[0m
2023.01.03 20:30:33 WARN  no build target for: /home/ericrlessa/Workspaces/collabteam/kafka_connect/product_mysql/src/main/java/com/collabtime/kafka_connect/Product.java[0m
2023.01.03 20:30:43 WARN  no build target for: /home/ericrlessa/Workspaces/collabteam/kafka_connect/product_mysql/src/main/java/com/collabtime/kafka_connect/ProductController.java[0m
2023.01.03 20:30:50 WARN  no build target for: /home/ericrlessa/Workspaces/collabteam/kafka_connect/product_mysql/src/main/java/com/collabtime/kafka_connect/ProductController.java[0m
2023.01.03 20:30:55 WARN  no build target for: /home/ericrlessa/Workspaces/collabteam/kafka_connect/product_mysql/src/main/java/com/collabtime/kafka_connect/Product.java[0m
2023.01.03 20:31:30 WARN  no build target for: /home/ericrlessa/Workspaces/collabteam/kafka_connect/product_mysql/src/main/java/com/collabtime/kafka_connect/Product.java[0m
2023.01.03 20:31:38 WARN  no build target for: /home/ericrlessa/Workspaces/collabteam/kafka_connect/product_mysql/src/main/java/com/collabtime/kafka_connect/Product.java[0m
2023.01.03 20:31:43 WARN  no build target for: /home/ericrlessa/Workspaces/collabteam/kafka_connect/product_mysql/src/main/java/com/collabtime/kafka_connect/Product.java[0m
2023.01.03 20:31:51 WARN  no build target for: /home/ericrlessa/Workspaces/collabteam/kafka_connect/product_mysql/src/main/java/com/collabtime/kafka_connect/Product.java[0m
2023.01.03 20:31:54 WARN  no build target for: /home/ericrlessa/Workspaces/collabteam/kafka_connect/product_mysql/src/main/java/com/collabtime/kafka_connect/Product.java[0m
2023.01.03 20:31:55 WARN  no build target for: /home/ericrlessa/Workspaces/collabteam/kafka_connect/product_mysql/src/main/java/com/collabtime/kafka_connect/Product.java[0m
2023.01.03 20:32:06 WARN  no build target for: /home/ericrlessa/Workspaces/collabteam/kafka_connect/product_mysql/src/main/java/com/collabtime/kafka_connect/Product.java[0m
2023.01.03 20:32:19 WARN  no build target for: /home/ericrlessa/Workspaces/collabteam/kafka_connect/product_mysql/src/main/java/com/collabtime/kafka_connect/Product.java[0m
2023.01.03 20:32:53 WARN  no build target for: /home/ericrlessa/Workspaces/collabteam/kafka_connect/product_mysql/src/main/java/com/collabtime/kafka_connect/Product.java[0m
2023.01.03 20:32:56 WARN  no build target for: /home/ericrlessa/Workspaces/collabteam/kafka_connect/product_mysql/src/main/java/com/collabtime/kafka_connect/Product.java[0m
2023.01.03 20:32:56 WARN  no build target for: /home/ericrlessa/Workspaces/collabteam/kafka_connect/product_mysql/src/main/java/com/collabtime/kafka_connect/Product.java[0m
2023.01.03 20:32:57 WARN  no build target for: /home/ericrlessa/Workspaces/collabteam/kafka_connect/product_mysql/src/main/java/com/collabtime/kafka_connect/Product.java[0m
2023.01.03 20:32:57 WARN  no build target for: /home/ericrlessa/Workspaces/collabteam/kafka_connect/product_mysql/src/main/java/com/collabtime/kafka_connect/Product.java[0m
Jan 03, 2023 8:32:57 PM org.eclipse.lsp4j.jsonrpc.RemoteEndpoint handleCancellation
WARNING: Unmatched cancel notification for request id 276
Jan 03, 2023 8:32:57 PM org.eclipse.lsp4j.jsonrpc.RemoteEndpoint handleCancellation
WARNING: Unmatched cancel notification for request id 277
2023.01.03 20:32:57 WARN  no build target for: /home/ericrlessa/Workspaces/collabteam/kafka_connect/product_mysql/src/main/java/com/collabtime/kafka_connect/Product.java[0m
Jan 03, 2023 8:32:57 PM org.eclipse.lsp4j.jsonrpc.RemoteEndpoint handleCancellation
WARNING: Unmatched cancel notification for request id 279
2023.01.03 20:32:57 WARN  no build target for: /home/ericrlessa/Workspaces/collabteam/kafka_connect/product_mysql/src/main/java/com/collabtime/kafka_connect/Product.java[0m
2023.01.03 20:32:57 WARN  no build target for: /home/ericrlessa/Workspaces/collabteam/kafka_connect/product_mysql/src/main/java/com/collabtime/kafka_connect/Product.java[0m
2023.01.03 20:32:58 WARN  no build target for: /home/ericrlessa/Workspaces/collabteam/kafka_connect/product_mysql/src/main/java/com/collabtime/kafka_connect/Product.java[0m
2023.01.03 20:32:59 WARN  no build target for: /home/ericrlessa/Workspaces/collabteam/kafka_connect/product_mysql/src/main/java/com/collabtime/kafka_connect/Product.java[0m
2023.01.03 20:33:28 WARN  no build target for: /home/ericrlessa/Workspaces/collabteam/kafka_connect/product_mysql/src/main/java/com/collabtime/kafka_connect/ProductController.java[0m
2023.01.03 20:33:34 WARN  no build target for: /home/ericrlessa/Workspaces/collabteam/kafka_connect/product_mysql/src/main/java/com/collabtime/kafka_connect/ProductController.java[0m
2023.01.03 20:33:50 WARN  no build target for: /home/ericrlessa/Workspaces/collabteam/kafka_connect/product_mysql/src/main/java/com/collabtime/kafka_connect/ProductController.java[0m
2023.01.03 20:33:59 WARN  no build target for: /home/ericrlessa/Workspaces/collabteam/kafka_connect/product_mysql/src/main/java/com/collabtime/kafka_connect/ProductController.java[0m
2023.01.03 20:34:05 WARN  no build target for: /home/ericrlessa/Workspaces/collabteam/kafka_connect/product_mysql/src/main/java/com/collabtime/kafka_connect/ProductController.java[0m
2023.01.03 20:34:05 WARN  no build target for: /home/ericrlessa/Workspaces/collabteam/kafka_connect/product_mysql/src/main/java/com/collabtime/kafka_connect/ProductController.java[0m
2023.01.03 20:34:05 WARN  no build target for: /home/ericrlessa/Workspaces/collabteam/kafka_connect/product_mysql/src/main/java/com/collabtime/kafka_connect/ProductController.java[0m
2023.01.03 20:34:06 WARN  no build target for: /home/ericrlessa/Workspaces/collabteam/kafka_connect/product_mysql/src/main/java/com/collabtime/kafka_connect/ProductController.java[0m
2023.01.03 20:34:33 WARN  no build target for: /home/ericrlessa/Workspaces/collabteam/kafka_connect/product_mysql/src/main/java/com/collabtime/kafka_connect/ProductRepository.java[0m
2023.01.03 20:34:33 WARN  Running javac-semanticdb failed for file:///home/ericrlessa/Workspaces/collabteam/kafka_connect/product_mysql/src/main/java/com/collabtime/kafka_connect/ProductRepository.java. Output:
/home/ericrlessa/Workspaces/collabteam/kafka_connect/product_mysql/src/main/java/com/collabtime/kafka_connect/ProductRepository.java:7: error: '{' expected
public interface ProductRepository implements JpaRepository
                                  ^
1 error[0m
2023.01.03 20:34:38 WARN  no build target for: /home/ericrlessa/Workspaces/collabteam/kafka_connect/product_mysql/src/main/java/com/collabtime/kafka_connect/ProductRepository.java[0m
2023.01.03 20:34:38 WARN  Running javac-semanticdb failed for file:///home/ericrlessa/Workspaces/collabteam/kafka_connect/product_mysql/src/main/java/com/collabtime/kafka_connect/ProductRepository.java. Output:
/home/ericrlessa/Workspaces/collabteam/kafka_connect/product_mysql/src/main/java/com/collabtime/kafka_connect/ProductRepository.java:8: error: '{' expected
public interface ProductRepository implements JpaRepository
                                  ^
1 error[0m
2023.01.03 20:34:39 WARN  no build target for: /home/ericrlessa/Workspaces/collabteam/kafka_connect/product_mysql/src/main/java/com/collabtime/kafka_connect/ProductRepository.java[0m
2023.01.03 20:34:55 WARN  no build target for: /home/ericrlessa/Workspaces/collabteam/kafka_connect/product_mysql/src/main/java/com/collabtime/kafka_connect/ProductRepository.java[0m
2023.01.03 20:34:55 WARN  Running javac-semanticdb failed for file:///home/ericrlessa/Workspaces/collabteam/kafka_connect/product_mysql/src/main/java/com/collabtime/kafka_connect/ProductRepository.java. Output:
/home/ericrlessa/Workspaces/collabteam/kafka_connect/product_mysql/src/main/java/com/collabtime/kafka_connect/ProductRepository.java:8: error: '{' expected
public interface ProductRepository implements JpaRepository<Product, String>
                                  ^
/home/ericrlessa/Workspaces/collabteam/kafka_connect/product_mysql/src/main/java/com/collabtime/kafka_connect/ProductRepository.java:8: error: class, interface, enum, or record expected
public interface ProductRepository implements JpaRepository<Product, String>
                                                           ^
2 errors[0m
2023.01.03 20:34:58 WARN  no build target for: /home/ericrlessa/Workspaces/collabteam/kafka_connect/product_mysql/src/main/java/com/collabtime/kafka_connect/ProductRepository.java[0m
2023.01.03 20:34:58 WARN  Running javac-semanticdb failed for file:///home/ericrlessa/Workspaces/collabteam/kafka_connect/product_mysql/src/main/java/com/collabtime/kafka_connect/ProductRepository.java. Output:
/home/ericrlessa/Workspaces/collabteam/kafka_connect/product_mysql/src/main/java/com/collabtime/kafka_connect/ProductRepository.java:8: error: '{' expected
public interface ProductRepository implements JpaRepository<Product, String>
                                  ^
/home/ericrlessa/Workspaces/collabteam/kafka_connect/product_mysql/src/main/java/com/collabtime/kafka_connect/ProductRepository.java:8: error: class, interface, enum, or record expected
public interface ProductRepository implements JpaRepository<Product, String>
                                                           ^
2 errors[0m
2023.01.03 20:35:08 WARN  no build target for: /home/ericrlessa/Workspaces/collabteam/kafka_connect/product_mysql/src/main/java/com/collabtime/kafka_connect/ProductRepository.java[0m
2023.01.03 20:35:12 WARN  no build target for: /home/ericrlessa/Workspaces/collabteam/kafka_connect/product_mysql/src/main/java/com/collabtime/kafka_connect/ProductRepository.java[0m
2023.01.03 20:35:15 WARN  no build target for: /home/ericrlessa/Workspaces/collabteam/kafka_connect/product_mysql/src/main/java/com/collabtime/kafka_connect/ProductRepository.java[0m
2023.01.03 20:35:17 WARN  no build target for: /home/ericrlessa/Workspaces/collabteam/kafka_connect/product_mysql/src/main/java/com/collabtime/kafka_connect/ProductRepository.java[0m
2023.01.03 20:35:26 WARN  no build target for: /home/ericrlessa/Workspaces/collabteam/kafka_connect/product_mysql/src/main/java/com/collabtime/kafka_connect/ProductController.java[0m
2023.01.03 20:35:26 WARN  Running javac-semanticdb failed for file:///home/ericrlessa/Workspaces/collabteam/kafka_connect/product_mysql/src/main/java/com/collabtime/kafka_connect/ProductController.java. Output:
/home/ericrlessa/Workspaces/collabteam/kafka_connect/product_mysql/src/main/java/com/collabtime/kafka_connect/ProductController.java:18: error: ';' expected
        this.productRepository.findAll()
                                        ^
1 error[0m
2023.01.03 20:35:28 WARN  no build target for: /home/ericrlessa/Workspaces/collabteam/kafka_connect/product_mysql/src/main/java/com/collabtime/kafka_connect/ProductController.java[0m
2023.01.03 20:35:30 WARN  no build target for: /home/ericrlessa/Workspaces/collabteam/kafka_connect/product_mysql/src/main/java/com/collabtime/kafka_connect/ProductController.java[0m
2023.01.03 20:35:32 WARN  no build target for: /home/ericrlessa/Workspaces/collabteam/kafka_connect/product_mysql/src/main/java/com/collabtime/kafka_connect/ProductController.java[0m
2023.01.03 20:35:34 WARN  no build target for: /home/ericrlessa/Workspaces/collabteam/kafka_connect/product_mysql/src/main/java/com/collabtime/kafka_connect/ProductController.java[0m
2023.01.03 20:35:35 WARN  no build target for: /home/ericrlessa/Workspaces/collabteam/kafka_connect/product_mysql/src/main/java/com/collabtime/kafka_connect/ProductController.java[0m
2023.01.03 20:35:36 INFO  time: code lens generation in 1.42s[0m
2023.01.03 20:35:37 WARN  no build target for: /home/ericrlessa/Workspaces/collabteam/kafka_connect/product_mysql/src/main/java/com/collabtime/kafka_connect/ProductController.java[0m
2023.01.03 20:35:37 WARN  no build target for: /home/ericrlessa/Workspaces/collabteam/kafka_connect/product_mysql/src/main/java/com/collabtime/kafka_connect/ProductController.java[0m
2023.01.03 20:35:37 WARN  no build target for: /home/ericrlessa/Workspaces/collabteam/kafka_connect/product_mysql/src/main/java/com/collabtime/kafka_connect/Product.java[0m
2023.01.03 20:35:37 WARN  no build target for: /home/ericrlessa/Workspaces/collabteam/kafka_connect/product_mysql/src/main/java/com/collabtime/kafka_connect/ProductController.java[0m
2023.01.03 20:35:39 WARN  no build target for: /home/ericrlessa/Workspaces/collabteam/kafka_connect/product_mysql/src/main/java/com/collabtime/kafka_connect/ProductController.java[0m
2023.01.03 20:35:39 WARN  no build target for: /home/ericrlessa/Workspaces/collabteam/kafka_connect/product_mysql/src/main/java/com/collabtime/kafka_connect/Product.java[0m
2023.01.03 20:35:39 WARN  no build target for: /home/ericrlessa/Workspaces/collabteam/kafka_connect/product_mysql/src/main/java/com/collabtime/kafka_connect/ProductController.java[0m
2023.01.03 20:35:39 WARN  no build target for: /home/ericrlessa/Workspaces/collabteam/kafka_connect/product_mysql/src/main/java/com/collabtime/kafka_connect/ProductRepository.java[0m
2023.01.03 20:35:39 WARN  no build target for: /home/ericrlessa/Workspaces/collabteam/kafka_connect/product_mysql/src/main/java/com/collabtime/kafka_connect/ProductController.java[0m
2023.01.03 20:38:03 WARN  no build target for: /home/ericrlessa/Workspaces/collabteam/kafka_connect/product_mysql/src/main/java/com/collabtime/kafka_connect/ProductRepository.java[0m
2023.01.03 20:49:51 WARN  no build target for: /home/ericrlessa/Workspaces/collabteam/kafka_connect/product_mysql/src/main/java/com/collabtime/kafka_connect/Product.java[0m
Jan 03, 2023 8:54:03 PM org.eclipse.lsp4j.jsonrpc.RemoteEndpoint handleCancellation
WARNING: Unmatched cancel notification for request id 862
2023.01.03 20:54:04 WARN  no build target for: /home/ericrlessa/Workspaces/collabteam/kafka_connect/product_mysql/src/main/java/com/collabtime/kafka_connect/Product.java[0m
2023.01.03 20:54:08 WARN  no build target for: /home/ericrlessa/Workspaces/collabteam/kafka_connect/product_mysql/src/main/java/com/collabtime/kafka_connect/Product.java[0m
2023.01.03 20:54:10 WARN  no build target for: /home/ericrlessa/Workspaces/collabteam/kafka_connect/product_mysql/src/main/java/com/collabtime/kafka_connect/Product.java[0m
2023.01.03 20:54:12 WARN  no build target for: /home/ericrlessa/Workspaces/collabteam/kafka_connect/product_mysql/src/main/java/com/collabtime/kafka_connect/Product.java[0m
2023.01.03 20:55:51 WARN  no build target for: /home/ericrlessa/Workspaces/collabteam/kafka_connect/product_mysql/src/main/java/com/collabtime/kafka_connect/ProductController.java[0m
2023.01.03 20:55:51 WARN  no build target for: /home/ericrlessa/Workspaces/collabteam/kafka_connect/product_mysql/src/main/java/com/collabtime/kafka_connect/ProductRepository.java[0m
2023.01.03 20:55:53 WARN  no build target for: /home/ericrlessa/Workspaces/collabteam/kafka_connect/product_mysql/src/main/java/com/collabtime/kafka_connect/ProductController.java[0m
2023.01.03 20:56:56 WARN  no build target for: /home/ericrlessa/Workspaces/collabteam/kafka_connect/product_mysql/src/main/java/com/collabtime/kafka_connect/KafkaConnectApplication.java[0m
2023.01.03 21:04:27 WARN  no build target for: /home/ericrlessa/Workspaces/collabteam/kafka_connect/product_mysql/src/main/java/com/collabtime/kafka_connect/Product.java[0m
2023.01.03 21:05:25 WARN  no build target for: /home/ericrlessa/Workspaces/collabteam/kafka_connect/product_mysql/src/main/java/com/collabtime/kafka_connect/ProductController.java[0m
2023.01.03 21:06:05 WARN  no build target for: /home/ericrlessa/Workspaces/collabteam/kafka_connect/product_mysql/src/main/java/com/collabtime/kafka_connect/ProductController.java[0m
2023.01.03 21:06:07 WARN  no build target for: /home/ericrlessa/Workspaces/collabteam/kafka_connect/product_mysql/src/main/java/com/collabtime/kafka_connect/ProductController.java[0m
2023.01.03 21:07:46 WARN  no build target for: /home/ericrlessa/Workspaces/collabteam/kafka_connect/product_mysql/src/main/java/com/collabtime/kafka_connect/Product.java[0m
2023.01.03 21:08:20 WARN  no build target for: /home/ericrlessa/Workspaces/collabteam/kafka_connect/product_mysql/src/main/java/com/collabtime/kafka_connect/ProductRepository.java[0m
2023.01.04 00:30:22 WARN  no build target for: /home/ericrlessa/Workspaces/collabteam/kafka_connect/product_mysql/src/main/java/com/collabtime/kafka_connect/ProductController.java[0m
2023.01.04 00:30:24 WARN  no build target for: /home/ericrlessa/Workspaces/collabteam/kafka_connect/product_mysql/src/main/java/com/collabtime/kafka_connect/ProductController.java[0m
2023.01.04 00:30:39 WARN  no build target for: /home/ericrlessa/Workspaces/collabteam/kafka_connect/product_mysql/src/main/java/com/collabtime/kafka_connect/ProductController.java[0m
Jan 04, 2023 12:31:01 AM org.eclipse.lsp4j.jsonrpc.RemoteEndpoint handleCancellation
WARNING: Unmatched cancel notification for request id 1175
2023.01.04 00:31:01 WARN  no build target for: /home/ericrlessa/Workspaces/collabteam/kafka_connect/product_mysql/src/main/java/com/collabtime/kafka_connect/ProductController.java[0m
2023.01.04 00:31:11 WARN  no build target for: /home/ericrlessa/Workspaces/collabteam/kafka_connect/product_mysql/src/main/java/com/collabtime/kafka_connect/ProductController.java[0m
2023.01.04 00:31:17 WARN  no build target for: /home/ericrlessa/Workspaces/collabteam/kafka_connect/product_mysql/src/main/java/com/collabtime/kafka_connect/ProductController.java[0m
2023.01.04 00:31:23 WARN  no build target for: /home/ericrlessa/Workspaces/collabteam/kafka_connect/product_mysql/src/main/java/com/collabtime/kafka_connect/ProductController.java[0m
2023.01.04 00:31:23 WARN  no build target for: /home/ericrlessa/Workspaces/collabteam/kafka_connect/product_mysql/src/main/java/com/collabtime/kafka_connect/ProductController.java[0m
2023.01.04 00:31:23 WARN  no build target for: /home/ericrlessa/Workspaces/collabteam/kafka_connect/product_mysql/src/main/java/com/collabtime/kafka_connect/ProductController.java[0m
2023.01.04 00:31:24 WARN  no build target for: /home/ericrlessa/Workspaces/collabteam/kafka_connect/product_mysql/src/main/java/com/collabtime/kafka_connect/ProductController.java[0m
2023.01.04 00:31:23 WARN  no build target for: /home/ericrlessa/Workspaces/collabteam/kafka_connect/product_mysql/src/main/java/com/collabtime/kafka_connect/ProductController.java[0m
2023.01.04 00:31:25 WARN  no build target for: /home/ericrlessa/Workspaces/collabteam/kafka_connect/product_mysql/src/main/java/com/collabtime/kafka_connect/ProductController.java[0m
2023.01.04 00:31:26 WARN  no build target for: /home/ericrlessa/Workspaces/collabteam/kafka_connect/product_mysql/src/main/java/com/collabtime/kafka_connect/ProductController.java[0m
2023.01.04 00:31:26 WARN  no build target for: /home/ericrlessa/Workspaces/collabteam/kafka_connect/product_mysql/src/main/java/com/collabtime/kafka_connect/ProductController.java[0m
2023.01.04 00:32:35 WARN  no build target for: /home/ericrlessa/Workspaces/collabteam/kafka_connect/product_mysql/src/main/java/com/collabtime/kafka_connect/ProductRepository.java[0m
2023.01.04 00:32:35 WARN  no build target for: /home/ericrlessa/Workspaces/collabteam/kafka_connect/product_mysql/src/main/java/com/collabtime/product_mysql/ProductRepository.java[0m
2023.01.04 00:32:35 WARN  no build target for: /home/ericrlessa/Workspaces/collabteam/kafka_connect/product_mysql/src/main/java/com/collabtime/product_mysql/Product.java[0m
2023.01.04 00:32:35 WARN  no build target for: /home/ericrlessa/Workspaces/collabteam/kafka_connect/product_mysql/src/main/java/com/collabtime/product_mysql/ProductController.java[0m
2023.01.04 00:32:35 WARN  no build target for: /home/ericrlessa/Workspaces/collabteam/kafka_connect/product_mysql/src/main/java/com/collabtime/product_mysql/KafkaConnectApplication.java[0m
2023.01.04 00:32:37 INFO  time: code lens generation in 1.49s[0m
2023.01.04 00:32:39 WARN  no build target for: /home/ericrlessa/Workspaces/collabteam/kafka_connect/product_mysql/src/main/java/com/collabtime/product_mysql/KafkaConnectApplication.java[0m
2023.01.04 00:32:40 WARN  no build target for: /home/ericrlessa/Workspaces/collabteam/kafka_connect/product_mysql/src/main/java/com/collabtime/product_mysql/ProductRepository.java[0m
2023.01.04 00:32:41 WARN  no build target for: /home/ericrlessa/Workspaces/collabteam/kafka_connect/product_mysql/src/main/java/com/collabtime/product_mysql/ProductController.java[0m
2023.01.04 00:32:41 WARN  no build target for: /home/ericrlessa/Workspaces/collabteam/kafka_connect/product_mysql/src/main/java/com/collabtime/product_mysql/Product.java[0m
2023.01.04 00:33:05 INFO  skipping build import with status 'Dismissed'[0m
2023.01.04 00:33:21 INFO  skipping build import with status 'Dismissed'[0m
2023.01.04 00:33:58 INFO  shutting down Metals[0m
2023.01.04 00:35:13 INFO  tracing is disabled for protocol LSP, to enable tracing of incoming and outgoing JSON messages create an empty file at /home/ericrlessa/Workspaces/collabteam/kafka_connect/product_mysql/.metals/lsp.trace.json or /home/ericrlessa/.cache/metals/lsp.trace.json[0m
2023.01.04 00:35:13 INFO  logging to file /home/ericrlessa/Workspaces/collabteam/kafka_connect/product_mysql/.metals/metals.log[0m
2023.01.04 00:35:13 INFO  Started: Metals version 0.11.10 in workspace '/home/ericrlessa/Workspaces/collabteam/kafka_connect/product_mysql' for client Visual Studio Code 1.74.2.[0m
SLF4J: No SLF4J providers were found.
SLF4J: Defaulting to no-operation (NOP) logger implementation
SLF4J: See https://www.slf4j.org/codes.html#noProviders for further details.
SLF4J: Class path contains SLF4J bindings targeting slf4j-api versions 1.7.x or earlier.
SLF4J: Ignoring binding found at [jar:file:/home/ericrlessa/.cache/coursier/v1/https/repo1.maven.org/maven2/com/outr/scribe-slf4j_2.13/3.10.5/scribe-slf4j_2.13-3.10.5.jar!/org/slf4j/impl/StaticLoggerBinder.class]
SLF4J: See https://www.slf4j.org/codes.html#ignoredBindings for an explanation.
2023.01.04 00:35:14 INFO  time: initialize in 1.08s[0m
2023.01.04 00:35:16 WARN  Build server is not auto-connectable.[0m
2023.01.04 00:35:16 WARN  no build target for: /home/ericrlessa/Workspaces/collabteam/kafka_connect/product_mysql/src/test/java/com/collabtime/kafka_connect/KafkaConnectApplicationTests.java[0m
2023.01.04 00:35:17 INFO  time: code lens generation in 1.03s[0m
2023.01.04 00:35:35 WARN  no build target for: /home/ericrlessa/Workspaces/collabteam/kafka_connect/product_mysql/src/test/java/com/collabtime/product_mysql/KafkaConnectApplicationTests.java[0m
2023.01.04 00:36:05 WARN  no build target for: /home/ericrlessa/Workspaces/collabteam/kafka_connect/product_mysql/src/test/java/com/collabtime/product_mysql/KafkaConnectApplicationTests.java[0m
2023.01.04 00:36:18 INFO  shutting down Metals[0m
2023.01.04 00:36:18 ERROR Unexpected error initializing serverorg.eclipse.lsp4j.jsonrpc.ResponseErrorException: Request window/showMessageRequest failed with message: Canceled
	at org.eclipse.lsp4j.jsonrpc.RemoteEndpoint.handleResponse(RemoteEndpoint.java:209)
	at org.eclipse.lsp4j.jsonrpc.RemoteEndpoint.consume(RemoteEndpoint.java:193)
	at org.eclipse.lsp4j.jsonrpc.json.StreamMessageProducer.handleMessage(StreamMessageProducer.java:194)
	at org.eclipse.lsp4j.jsonrpc.json.StreamMessageProducer.listen(StreamMessageProducer.java:94)
	at org.eclipse.lsp4j.jsonrpc.json.ConcurrentMessageProcessor.run(ConcurrentMessageProcessor.java:113)
	at java.util.concurrent.Executors$RunnableAdapter.call(Executors.java:577)
	at java.util.concurrent.FutureTask.run(FutureTask.java:317)
	at java.util.concurrent.ThreadPoolExecutor.runWorker(ThreadPoolExecutor.java:1144)
	at java.util.concurrent.ThreadPoolExecutor$Worker.run(ThreadPoolExecutor.java:642)
	at java.lang.Thread.run(Thread.java:1589)
2023.01.04 00:36:51 INFO  tracing is disabled for protocol LSP, to enable tracing of incoming and outgoing JSON messages create an empty file at /home/ericrlessa/Workspaces/collabteam/kafka_connect/product_mysql/.metals/lsp.trace.json or /home/ericrlessa/.cache/metals/lsp.trace.json[0m
2023.01.04 00:36:52 INFO  logging to file /home/ericrlessa/Workspaces/collabteam/kafka_connect/product_mysql/.metals/metals.log[0m
2023.01.04 00:36:52 INFO  Started: Metals version 0.11.10 in workspace '/home/ericrlessa/Workspaces/collabteam/kafka_connect/product_mysql' for client Visual Studio Code 1.74.2.[0m
SLF4J: No SLF4J providers were found.
SLF4J: Defaulting to no-operation (NOP) logger implementation
SLF4J: See https://www.slf4j.org/codes.html#noProviders for further details.
SLF4J: Class path contains SLF4J bindings targeting slf4j-api versions 1.7.x or earlier.
SLF4J: Ignoring binding found at [jar:file:/home/ericrlessa/.cache/coursier/v1/https/repo1.maven.org/maven2/com/outr/scribe-slf4j_2.13/3.10.5/scribe-slf4j_2.13-3.10.5.jar!/org/slf4j/impl/StaticLoggerBinder.class]
SLF4J: See https://www.slf4j.org/codes.html#ignoredBindings for an explanation.
2023.01.04 00:36:54 INFO  time: initialize in 2.63s[0m
2023.01.04 00:36:58 WARN  Build server is not auto-connectable.[0m
2023.01.04 00:36:58 WARN  no build target for: /home/ericrlessa/Workspaces/collabteam/kafka_connect/product_mysql/src/test/java/com/collabtime/product_mysql/KafkaConnectApplicationTests.java[0m
2023.01.04 00:37:00 INFO  time: code lens generation in 1.88s[0m
2023.01.04 00:37:00 INFO  time: code lens generation in 1.92s[0m
2023.01.04 00:37:15 WARN  no build target for: /home/ericrlessa/Workspaces/collabteam/kafka_connect/product_mysql/src/main/java/com/collabtime/product_mysql/KafkaConnectApplication.java[0m
2023.01.04 00:37:27 WARN  no build target for: /home/ericrlessa/Workspaces/collabteam/kafka_connect/product_mysql/src/main/java/com/collabtime/product_mysql/ProductMysqlApplication.java[0m
2023.01.04 00:37:29 WARN  no build target for: /home/ericrlessa/Workspaces/collabteam/kafka_connect/product_mysql/src/main/java/com/collabtime/product_mysql/ProductMysqlApplication.java[0m
2023.01.04 00:37:30 WARN  no build target for: /home/ericrlessa/Workspaces/collabteam/kafka_connect/product_mysql/src/main/java/com/collabtime/product_mysql/ProductMysqlApplication.java[0m
2023.01.04 00:37:30 WARN  no build target for: /home/ericrlessa/Workspaces/collabteam/kafka_connect/product_mysql/src/main/java/com/collabtime/product_mysql/ProductMysqlApplication.java[0m
2023.01.04 00:37:38 WARN  no build target for: /home/ericrlessa/Workspaces/collabteam/kafka_connect/product_mysql/src/main/java/com/collabtime/product_mysql/ProductMysqlApplication.java[0m
2023.01.04 00:37:38 WARN  no build target for: /home/ericrlessa/Workspaces/collabteam/kafka_connect/product_mysql/src/main/java/com/collabtime/product_mysql/ProductMysqlApplication.java[0m
2023.01.04 00:45:12 WARN  no build target for: /home/ericrlessa/Workspaces/collabteam/kafka_connect/product_mysql/src/main/java/com/collabtime/product_mysql/ProductController.java[0m
2023.01.04 00:45:15 WARN  no build target for: /home/ericrlessa/Workspaces/collabteam/kafka_connect/product_mysql/src/main/java/com/collabtime/product_mysql/ProductController.java[0m
2023.01.04 00:45:25 WARN  no build target for: /home/ericrlessa/Workspaces/collabteam/kafka_connect/product_mysql/src/main/java/com/collabtime/product_mysql/ProductController.java[0m
2023.01.04 00:45:37 WARN  no build target for: /home/ericrlessa/Workspaces/collabteam/kafka_connect/product_mysql/src/main/java/com/collabtime/product_mysql/ProductController.java[0m
2023.01.04 00:45:39 WARN  no build target for: /home/ericrlessa/Workspaces/collabteam/kafka_connect/product_mysql/src/main/java/com/collabtime/product_mysql/ProductController.java[0m
2023.01.04 00:45:53 WARN  no build target for: /home/ericrlessa/Workspaces/collabteam/kafka_connect/product_mysql/src/main/java/com/collabtime/product_mysql/ProductController.java[0m
2023.01.04 00:45:58 WARN  no build target for: /home/ericrlessa/Workspaces/collabteam/kafka_connect/product_mysql/src/main/java/com/collabtime/product_mysql/ProductController.java[0m
2023.01.04 00:46:31 WARN  no build target for: /home/ericrlessa/Workspaces/collabteam/kafka_connect/product_mysql/src/main/java/com/collabtime/product_mysql/ProductController.java[0m
2023.01.04 00:51:02 WARN  no build target for: /home/ericrlessa/Workspaces/collabteam/kafka_connect/product_mysql/src/main/java/com/collabtime/product_mysql/ProductController.java[0m
2023.01.04 00:51:10 WARN  no build target for: /home/ericrlessa/Workspaces/collabteam/kafka_connect/product_mysql/src/main/java/com/collabtime/product_mysql/Product.java[0m
2023.01.04 00:51:26 WARN  no build target for: /home/ericrlessa/Workspaces/collabteam/kafka_connect/product_mysql/src/main/java/com/collabtime/product_mysql/ProductController.java[0m
2023.01.04 00:51:37 WARN  no build target for: /home/ericrlessa/Workspaces/collabteam/kafka_connect/product_mysql/src/main/java/com/collabtime/product_mysql/ProductController.java[0m
2023.01.04 00:51:39 WARN  no build target for: /home/ericrlessa/Workspaces/collabteam/kafka_connect/product_mysql/src/main/java/com/collabtime/product_mysql/ProductController.java[0m
2023.01.04 00:51:44 WARN  no build target for: /home/ericrlessa/Workspaces/collabteam/kafka_connect/product_mysql/src/main/java/com/collabtime/product_mysql/ProductController.java[0m
2023.01.04 00:51:51 WARN  no build target for: /home/ericrlessa/Workspaces/collabteam/kafka_connect/product_mysql/src/main/java/com/collabtime/product_mysql/ProductController.java[0m
2023.01.04 00:51:56 WARN  no build target for: /home/ericrlessa/Workspaces/collabteam/kafka_connect/product_mysql/src/main/java/com/collabtime/product_mysql/Product.java[0m
2023.01.04 00:51:57 WARN  no build target for: /home/ericrlessa/Workspaces/collabteam/kafka_connect/product_mysql/src/main/java/com/collabtime/product_mysql/ProductController.java[0m
2023.01.04 00:51:58 WARN  no build target for: /home/ericrlessa/Workspaces/collabteam/kafka_connect/product_mysql/src/main/java/com/collabtime/product_mysql/ProductController.java[0m
2023.01.04 00:52:00 WARN  no build target for: /home/ericrlessa/Workspaces/collabteam/kafka_connect/product_mysql/src/main/java/com/collabtime/product_mysql/ProductController.java[0m
2023.01.04 00:52:00 WARN  no build target for: /home/ericrlessa/Workspaces/collabteam/kafka_connect/product_mysql/src/main/java/com/collabtime/product_mysql/ProductController.java[0m
2023.01.04 00:52:04 WARN  no build target for: /home/ericrlessa/Workspaces/collabteam/kafka_connect/product_mysql/src/main/java/com/collabtime/product_mysql/ProductController.java[0m
Jan 04, 2023 12:52:08 AM org.eclipse.lsp4j.jsonrpc.RemoteEndpoint handleCancellation
WARNING: Unmatched cancel notification for request id 304
2023.01.04 00:52:11 WARN  no build target for: /home/ericrlessa/Workspaces/collabteam/kafka_connect/product_mysql/src/main/java/com/collabtime/product_mysql/ProductController.java[0m
2023.01.04 00:52:13 WARN  no build target for: /home/ericrlessa/Workspaces/collabteam/kafka_connect/product_mysql/src/main/java/com/collabtime/product_mysql/ProductController.java[0m
2023.01.04 00:52:20 WARN  no build target for: /home/ericrlessa/Workspaces/collabteam/kafka_connect/product_mysql/src/main/java/com/collabtime/product_mysql/ProductRepository.java[0m
2023.01.04 00:54:06 WARN  no build target for: /home/ericrlessa/Workspaces/collabteam/kafka_connect/product_mysql/src/main/java/com/collabtime/product_mysql/Product.java[0m
2023.01.04 00:54:21 WARN  no build target for: /home/ericrlessa/Workspaces/collabteam/kafka_connect/product_mysql/src/main/java/com/collabtime/product_mysql/ProductController.java[0m
2023.01.04 00:54:44 WARN  no build target for: /home/ericrlessa/Workspaces/collabteam/kafka_connect/product_mysql/src/main/java/com/collabtime/product_mysql/ProductController.java[0m
2023.01.04 00:56:31 WARN  no build target for: /home/ericrlessa/Workspaces/collabteam/kafka_connect/product_mysql/src/main/java/com/collabtime/product_mysql/Product.java[0m
2023.01.04 00:56:34 WARN  no build target for: /home/ericrlessa/Workspaces/collabteam/kafka_connect/product_mysql/src/main/java/com/collabtime/product_mysql/Product.java[0m
